[2026-03-18T09:40:41.826Z] Starting automated Git push workflow...
[2026-03-18T09:40:58.857Z] Committing with message: "Auto-commit: update auto-push.log"
[2026-03-18T09:41:25.248Z] Pushing to remote repository...
[2026-03-18T09:41:25.480Z] Setting upstream branch: git push --set-upstream gitsafe-backup main
[2026-03-18T09:41:27.954Z] Failed to push with upstream configured. Error: Command failed: git push --set-upstream gitsafe-backup main
fatal: unable to look up gitsafe (port 5418) (No such host is known. )

[2026-03-18T09:41:27.954Z] Failed to push. Retrying in 5 seconds...
[2026-03-18T09:41:27.959Z] Error message: fatal: The current branch main has no upstream branch.
To push the current branch and set the remote as upstream, use

    git push --set-upstream gitsafe-backup main

To have this happen automatically for branches without a tracking
upstream, see 'push.autoSetupRemote' in 'git help config'.


[2026-03-18T09:41:33.048Z] Setting upstream branch: git push --set-upstream gitsafe-backup main
[2026-03-18T09:41:35.431Z] Failed to push with upstream configured. Error: Command failed: git push --set-upstream gitsafe-backup main
fatal: unable to look up gitsafe (port 5418) (No such host is known. )

[2026-03-18T09:41:35.432Z] Failed to push. Retrying in 5 seconds...
[2026-03-18T09:41:35.432Z] Error message: fatal: The current branch main has no upstream branch.
To push the current branch and set the remote as upstream, use

    git push --set-upstream gitsafe-backup main

To have this happen automatically for branches without a tracking
upstream, see 'push.autoSetupRemote' in 'git help config'.


[2026-03-18T09:41:42.043Z] Setting upstream branch: git push --set-upstream gitsafe-backup main
[2026-03-18T09:41:44.644Z] Failed to push with upstream configured. Error: Command failed: git push --set-upstream gitsafe-backup main
fatal: unable to look up gitsafe (port 5418) (No such host is known. )

[2026-03-18T09:41:44.644Z] Failed to push. Giving up.
[2026-03-18T09:41:44.645Z] Error message: fatal: The current branch main has no upstream branch.
To push the current branch and set the remote as upstream, use

    git push --set-upstream gitsafe-backup main

To have this happen automatically for branches without a tracking
upstream, see 'push.autoSetupRemote' in 'git help config'.


[2026-03-18T09:41:44.646Z] Error during automated workflow: Network failure or remote error during push.
[2026-03-18T10:03:22.835Z] Starting automated Git push workflow...
